使用デバイス： cuda:0
ネットワーク設定完了
-------------
Epoch 1/100
Epoch_TRAIN_Loss: 8012.3638
epoch_metrics: 494.70
-------------
Epoch 2/100
Epoch_TRAIN_Loss: 7914.7495
epoch_metrics: 561.51
-------------
Epoch 3/100
Epoch_TRAIN_Loss: 7885.4033
epoch_metrics: 546.71
-------------
Epoch 4/100
Epoch_TRAIN_Loss: 7866.4629
epoch_metrics: 534.72
-------------
Epoch 5/100
Epoch_TRAIN_Loss: 7850.7959
epoch_metrics: 568.03
-------------
Epoch 6/100
Epoch_TRAIN_Loss: 7839.9023
epoch_metrics: 498.52
-------------
Epoch 7/100
Epoch_TRAIN_Loss: 7827.2104
epoch_metrics: 523.19
-------------
Epoch 8/100
Epoch_TRAIN_Loss: 7819.3989
epoch_metrics: 464.70
-------------
Epoch 9/100
Epoch_TRAIN_Loss: 7810.0625
epoch_metrics: 475.46
-------------
Epoch 10/100
Epoch_TRAIN_Loss: 7801.7378
epoch_metrics: 461.37
-------------
Epoch 11/100
Epoch_TRAIN_Loss: 7796.2690
epoch_metrics: 512.45
-------------
Epoch 12/100
Epoch_TRAIN_Loss: 7788.1250
epoch_metrics: 515.83
-------------
Epoch 13/100
Epoch_TRAIN_Loss: 7783.5322
epoch_metrics: 449.85
-------------
Epoch 14/100
Epoch_TRAIN_Loss: 7775.4019
epoch_metrics: 436.86
-------------
Epoch 15/100
Epoch_TRAIN_Loss: 7772.3418
epoch_metrics: 482.77
-------------
Epoch 16/100
Epoch_TRAIN_Loss: 7767.7646
epoch_metrics: 505.26
-------------
Epoch 17/100
Epoch_TRAIN_Loss: 7763.3975
epoch_metrics: 524.59
-------------
Epoch 18/100
Epoch_TRAIN_Loss: 7759.2036
epoch_metrics: 496.38
-------------
Epoch 19/100
Epoch_TRAIN_Loss: 7755.6636
epoch_metrics: 466.96
-------------
Epoch 20/100
Epoch_TRAIN_Loss: 7752.2109
epoch_metrics: 519.30
-------------
Epoch 21/100
Epoch_TRAIN_Loss: 7750.6348
epoch_metrics: 481.05
-------------
Epoch 22/100
Epoch_TRAIN_Loss: 7749.1699
epoch_metrics: 478.62
-------------
Epoch 23/100
Epoch_TRAIN_Loss: 7744.5029
epoch_metrics: 483.66
-------------
Epoch 24/100
Epoch_TRAIN_Loss: 7741.9155
epoch_metrics: 483.91
-------------
Epoch 25/100
Epoch_TRAIN_Loss: 7739.2651
epoch_metrics: 474.24
-------------
Epoch 26/100
Epoch_TRAIN_Loss: 7737.4302
epoch_metrics: 484.53
-------------
Epoch 27/100
Epoch_TRAIN_Loss: 7734.2251
epoch_metrics: 482.03
-------------
Epoch 28/100
Epoch_TRAIN_Loss: 7735.0034
epoch_metrics: 476.39
-------------
Epoch 29/100
Epoch_TRAIN_Loss: 7732.5342
epoch_metrics: 488.58
-------------
Epoch 30/100
Epoch_TRAIN_Loss: 7726.7642
epoch_metrics: 491.45
-------------
Epoch 31/100
Epoch_TRAIN_Loss: 7727.2910
epoch_metrics: 482.04
-------------
Epoch 32/100
Epoch_TRAIN_Loss: 7725.1553
epoch_metrics: 501.49
-------------
Epoch 33/100
Epoch_TRAIN_Loss: 7724.5190
epoch_metrics: 496.86
-------------
Epoch 34/100
Epoch_TRAIN_Loss: 7722.4775
epoch_metrics: 527.19
-------------
Epoch 35/100
Epoch_TRAIN_Loss: 7721.2437
epoch_metrics: 522.49
-------------
Epoch 36/100
Epoch_TRAIN_Loss: 7717.0464
epoch_metrics: 513.75
-------------
Epoch 37/100
Epoch_TRAIN_Loss: 7717.1221
epoch_metrics: 498.01
-------------
Epoch 38/100
Epoch_TRAIN_Loss: 7715.4697
epoch_metrics: 518.77
-------------
Epoch 39/100
Epoch_TRAIN_Loss: 7711.8364
epoch_metrics: 516.01
-------------
Epoch 40/100
Epoch_TRAIN_Loss: 7712.7656
epoch_metrics: 541.62
-------------
Epoch 41/100
Epoch_TRAIN_Loss: 7712.2148
epoch_metrics: 505.38
-------------
Epoch 42/100
Epoch_TRAIN_Loss: 7711.8457
epoch_metrics: 522.07
-------------
Epoch 43/100
Epoch_TRAIN_Loss: 7708.0474
epoch_metrics: 545.89
-------------
Epoch 44/100
Epoch_TRAIN_Loss: 7709.3530
epoch_metrics: 499.64
-------------
Epoch 45/100
Epoch_TRAIN_Loss: 7707.2417
epoch_metrics: 547.67
-------------
Epoch 46/100
Epoch_TRAIN_Loss: 7705.2739
epoch_metrics: 574.29
-------------
Epoch 47/100
Epoch_TRAIN_Loss: 7704.7012
epoch_metrics: 566.32
-------------
Epoch 48/100
Epoch_TRAIN_Loss: 7703.7080
epoch_metrics: 538.90
-------------
Epoch 49/100
Epoch_TRAIN_Loss: 7704.6675
epoch_metrics: 522.40
-------------
Epoch 50/100
Epoch_TRAIN_Loss: 7702.1997
epoch_metrics: 536.38
-------------
Epoch 51/100
Epoch_TRAIN_Loss: 7699.3018
epoch_metrics: 561.34
-------------
Epoch 52/100
Epoch_TRAIN_Loss: 7697.3154
epoch_metrics: 597.77
-------------
Epoch 53/100
Epoch_TRAIN_Loss: 7698.4268
epoch_metrics: 570.99
-------------
Epoch 54/100
Epoch_TRAIN_Loss: 7698.1138
epoch_metrics: 545.74
-------------
Epoch 55/100
Epoch_TRAIN_Loss: 7697.3062
epoch_metrics: 570.30
-------------
Epoch 56/100
Epoch_TRAIN_Loss: 7695.6758
epoch_metrics: 590.80
-------------
Epoch 57/100
Epoch_TRAIN_Loss: 7694.9146
epoch_metrics: 577.53
-------------
Epoch 58/100
Epoch_TRAIN_Loss: 7695.0244
epoch_metrics: 578.96
-------------
Epoch 59/100
Epoch_TRAIN_Loss: 7693.6924
epoch_metrics: 577.50
-------------
Epoch 60/100
Epoch_TRAIN_Loss: 7696.8560
epoch_metrics: 617.94
-------------
Epoch 61/100
Epoch_TRAIN_Loss: 7688.7173
epoch_metrics: 632.83
-------------
Epoch 62/100
Epoch_TRAIN_Loss: 7691.8750
epoch_metrics: 551.48
-------------
Epoch 63/100
Epoch_TRAIN_Loss: 7690.7930
epoch_metrics: 574.64
-------------
Epoch 64/100
Epoch_TRAIN_Loss: 7686.0903
epoch_metrics: 628.70
-------------
Epoch 65/100
Epoch_TRAIN_Loss: 7687.3701
epoch_metrics: 612.57
-------------
Epoch 66/100
Epoch_TRAIN_Loss: 7686.0669
epoch_metrics: 614.81
-------------
Epoch 67/100
Epoch_TRAIN_Loss: 7686.8125
epoch_metrics: 614.08
-------------
Epoch 68/100
Epoch_TRAIN_Loss: 7685.6162
epoch_metrics: 605.17
-------------
Epoch 69/100
Epoch_TRAIN_Loss: 7682.3633
epoch_metrics: 594.38
-------------
Epoch 70/100
Epoch_TRAIN_Loss: 7682.2686
epoch_metrics: 600.03
-------------
Epoch 71/100
Epoch_TRAIN_Loss: 7685.1768
epoch_metrics: 613.89
-------------
Epoch 72/100
Epoch_TRAIN_Loss: 7680.2979
epoch_metrics: 618.05
-------------
Epoch 73/100
Epoch_TRAIN_Loss: 7681.2524
epoch_metrics: 607.85
-------------
Epoch 74/100
Epoch_TRAIN_Loss: 7680.2271
epoch_metrics: 642.62
-------------
Epoch 75/100
Epoch_TRAIN_Loss: 7677.8818
epoch_metrics: 630.24
-------------
Epoch 76/100
Epoch_TRAIN_Loss: 7678.6128
epoch_metrics: 631.26
-------------
Epoch 77/100
Epoch_TRAIN_Loss: 7678.7231
epoch_metrics: 619.04
-------------
Epoch 78/100
Epoch_TRAIN_Loss: 7676.1831
epoch_metrics: 609.29
-------------
Epoch 79/100
Epoch_TRAIN_Loss: 7677.3389
epoch_metrics: 607.38
-------------
Epoch 80/100
Epoch_TRAIN_Loss: 7675.0630
epoch_metrics: 653.87
-------------
Epoch 81/100
Epoch_TRAIN_Loss: 7673.8120
epoch_metrics: 652.27
-------------
Epoch 82/100
Epoch_TRAIN_Loss: 7675.2275
epoch_metrics: 631.26
-------------
Epoch 83/100
Epoch_TRAIN_Loss: 7673.3164
epoch_metrics: 676.07
-------------
Epoch 84/100
Epoch_TRAIN_Loss: 7674.0547
epoch_metrics: 638.54
-------------
Epoch 85/100
Epoch_TRAIN_Loss: 7673.7383
epoch_metrics: 637.25
-------------
Epoch 86/100
Epoch_TRAIN_Loss: 7672.0566
epoch_metrics: 659.58
-------------
Epoch 87/100
Epoch_TRAIN_Loss: 7670.0024
epoch_metrics: 676.82
-------------
Epoch 88/100
Epoch_TRAIN_Loss: 7671.4248
epoch_metrics: 658.42
-------------
Epoch 89/100
Epoch_TRAIN_Loss: 7668.8164
epoch_metrics: 677.98
-------------
Epoch 90/100
Epoch_TRAIN_Loss: 7670.6719
epoch_metrics: 653.47
-------------
Epoch 91/100
Epoch_TRAIN_Loss: 7668.9897
epoch_metrics: 715.51
-------------
Epoch 92/100
Epoch_TRAIN_Loss: 7669.7222
epoch_metrics: 668.65
-------------
Epoch 93/100
Epoch_TRAIN_Loss: 7668.5161
epoch_metrics: 685.80
-------------
Epoch 94/100
Epoch_TRAIN_Loss: 7666.5498
epoch_metrics: 674.18
-------------
Epoch 95/100
Epoch_TRAIN_Loss: 7666.7417
epoch_metrics: 645.96
-------------
Epoch 96/100
Epoch_TRAIN_Loss: 7661.9434
epoch_metrics: 647.44
-------------
Epoch 97/100
Epoch_TRAIN_Loss: 7664.2896
epoch_metrics: 615.06
-------------
Epoch 98/100
Epoch_TRAIN_Loss: 7663.6631
epoch_metrics: 681.11
-------------
Epoch 99/100
Epoch_TRAIN_Loss: 7661.0391
epoch_metrics: 686.48
-------------
Epoch 100/100
Epoch_TRAIN_Loss: 7662.8262
epoch_metrics: 717.58
